Determining compilation order of HDL files
Analyzing Verilog file bfloat_alu.v
Analyzing Verilog file sign_extend.v
Analyzing Verilog file instr_mem_dp.v
Analyzing Verilog file data_mem_64_256.v
Analyzing Verilog file control_unit.v
Analyzing Verilog file alu_64.v
Analyzing Verilog file cpu_CMT.v
Analyzing Verilog file tb_cpu_CMT.v
Analyzing Verilog file C:/Xilinx/10.1/ISE/verilog/src/glbl.v
Saving Verilog parse-tree work.lzc_8bit into c:/documents and
settings/student/desktop/lab7_gpu/gpu_lab7/isim/work/lzc_8bit.sdb
Saving Verilog parse-tree work.bfloat16_adder_opt into c:/documents and
settings/student/desktop/lab7_gpu/gpu_lab7/isim/work/bfloat16_adder_opt.sdb
Saving Verilog parse-tree work.bfloat16_mult into c:/documents and
settings/student/desktop/lab7_gpu/gpu_lab7/isim/work/bfloat16_mult.sdb
Saving Verilog parse-tree work.bfloat16_simd64_adder into c:/documents and
settings/student/desktop/lab7_gpu/gpu_lab7/isim/work/bfloat16_simd64_adder.sdb
Saving Verilog parse-tree work.bfloat16_simd64_mult into c:/documents and
settings/student/desktop/lab7_gpu/gpu_lab7/isim/work/bfloat16_simd64_mult.sdb
Saving Verilog parse-tree work.sign_extend into c:/documents and
settings/student/desktop/lab7_gpu/gpu_lab7/isim/work/sign_extend.sdb
Saving Verilog parse-tree work.instr_mem_dp into c:/documents and
settings/student/desktop/lab7_gpu/gpu_lab7/isim/work/instr_mem_dp.sdb
Saving Verilog parse-tree work.data_mem_64_256 into c:/documents and
settings/student/desktop/lab7_gpu/gpu_lab7/isim/work/data_mem_64_256.sdb
Saving Verilog parse-tree work.control_unit into c:/documents and
settings/student/desktop/lab7_gpu/gpu_lab7/isim/work/control_unit.sdb
Saving Verilog parse-tree work.alu_64 into c:/documents and
settings/student/desktop/lab7_gpu/gpu_lab7/isim/work/alu_64.sdb
Saving Verilog parse-tree work.cpu_CMT into c:/documents and
settings/student/desktop/lab7_gpu/gpu_lab7/isim/work/cpu_@c@m@t.sdb
Saving Verilog parse-tree work.tb_cpu_CMT into c:/documents and
settings/student/desktop/lab7_gpu/gpu_lab7/isim/work/tb_cpu_@c@m@t.sdb
Saving Verilog parse-tree work.glbl into c:/documents and
settings/student/desktop/lab7_gpu/gpu_lab7/isim/work/glbl.sdb
Starting static elaboration
Restoring Verilog parse-tree xilinxcorelib_ver.BLKMEMDP_V6_3 from
c:/xilinx/10.1/ise/verilog/hdp/nt/xilinxcorelib_ver/xilinxcorelib_ver.sdbl
Completed static elaboration
Fuse Memory Usage: 55176 Kb
Fuse CPU Usage: 765 ms
Compiling module glbl
Compiling module BLKMEMDP_V6_3(c_addra_width=9,c_...
Compiling module instr_mem_dp
Compiling module BLKMEMDP_V6_3(c_addra_width=8,c_...
Compiling module data_mem_64_256
Compiling module control_unit
Compiling module sign_extend
Compiling module lzc_8bit
Compiling module bfloat16_adder_opt
Compiling module bfloat16_simd64_adder
Compiling module bfloat16_mult
Compiling module bfloat16_simd64_mult
Compiling module alu_64
Compiling module cpu_CMT
Compiling module tb_cpu_CMT
Compiled 15 Verilog Units
Built simulation executable tb_cpu_CMT_isim_beh.exe
Fuse Memory Usage: 58764 Kb
Fuse CPU Usage: 1359 ms
